<?xml version="1.0" encoding="UTF-8"?>
<!-- Generated by org.testng.reporters.JUnitReportReporter -->
<testsuite name="excelutility.Dataprovidercal" tests="4" time="0.008" ignored="0" failures="0" timestamp="03 May 2023 13:06:02 GMT" skipped="0" hostname="LAPTOP-ER1I82SI" errors="0">
  <testcase name="getdata" time="0.001" classname="excelutility.Dataprovidercal"/>
  <testcase name="getdata" time="0.000" classname="excelutility.Dataprovidercal"/>
  <testcase name="getdata" time="0.001" classname="excelutility.Dataprovidercal"/>
  <testcase name="getdata" time="0.006" classname="excelutility.Dataprovidercal"/>
</testsuite> <!-- excelutility.Dataprovidercal -->
