<?xml version="1.0" encoding="UTF-8"?>
<!-- Generated by org.testng.reporters.JUnitReportReporter -->
<testsuite name="unionexcel.Unionexcelread" tests="1" time="0.644" ignored="0" failures="0" timestamp="06 May 2023 10:15:10 GMT" skipped="0" hostname="LAPTOP-ER1I82SI" errors="0">
  <testcase name="excelut" time="0.644" classname="unionexcel.Unionexcelread"/>
</testsuite> <!-- unionexcel.Unionexcelread -->
